<?xml version="1.0" encoding="UTF-8"?>
<testng-results ignored="0" total="2" passed="2" failed="0" skipped="0">
  <reporter-output>
  </reporter-output>
  <suite started-at="2022-07-11T19:59:26 IST" name="Suite" finished-at="2022-07-11T19:59:40 IST" duration-ms="14389">
    <groups>
    </groups>
    <test started-at="2022-07-11T19:59:26 IST" name="/TestNGDemo" finished-at="2022-07-11T19:59:40 IST" duration-ms="14389">
      <class name="TestCases">
        <test-method is-config="true" signature="Dispose()[pri:0, instance:TestCases@6d3af739]" started-at="2022-07-11T19:59:26 IST" name="Dispose" finished-at="2022-07-11T19:59:26 IST" duration-ms="105" status="PASS">
          <reporter-output>
          </reporter-output>
        </test-method> <!-- Dispose -->
        <test-method is-config="true" signature="setDriver()[pri:0, instance:TestCases@6d3af739]" started-at="2022-07-11T19:59:26 IST" name="setDriver" finished-at="2022-07-11T19:59:26 IST" duration-ms="655" status="PASS">
          <reporter-output>
          </reporter-output>
        </test-method> <!-- setDriver -->
        <test-method is-config="true" signature="setDriver()[pri:0, instance:TestCases@6d3af739]" started-at="2022-07-11T19:59:26 IST" name="setDriver" finished-at="2022-07-11T19:59:26 IST" duration-ms="655" status="PASS">
          <reporter-output>
          </reporter-output>
        </test-method> <!-- setDriver -->
        <test-method signature="test2()[pri:0, instance:TestCases@6d3af739]" started-at="2022-07-11T19:59:26 IST" name="test2" finished-at="2022-07-11T19:59:38 IST" duration-ms="11470" status="PASS">
          <reporter-output>
          </reporter-output>
        </test-method> <!-- test2 -->
        <test-method signature="test1()[pri:0, instance:TestCases@6d3af739]" started-at="2022-07-11T19:59:26 IST" name="test1" finished-at="2022-07-11T19:59:40 IST" duration-ms="13578" status="PASS">
          <reporter-output>
          </reporter-output>
        </test-method> <!-- test1 -->
      </class> <!-- TestCases -->
    </test> <!-- /TestNGDemo -->
  </suite> <!-- Suite -->
</testng-results>
