<?xml version="1.0" encoding="UTF-8"?>
<testng-results ignored="0" total="2" passed="2" failed="0" skipped="0">
  <reporter-output>
  </reporter-output>
  <suite started-at="2022-07-11T19:36:02 IST" name="Suite" finished-at="2022-07-11T19:36:22 IST" duration-ms="19596">
    <groups>
    </groups>
    <test started-at="2022-07-11T19:36:02 IST" name="/TestNGDemo" finished-at="2022-07-11T19:36:22 IST" duration-ms="19596">
      <class name="TestCases">
        <test-method is-config="true" signature="Dispose()[pri:0, instance:TestCases@479d31f3]" started-at="2022-07-11T19:36:02 IST" name="Dispose" finished-at="2022-07-11T19:36:02 IST" duration-ms="97" status="PASS">
          <reporter-output>
          </reporter-output>
        </test-method> <!-- Dispose -->
        <test-method is-config="true" signature="setDriver()[pri:0, instance:TestCases@479d31f3]" started-at="2022-07-11T19:36:02 IST" name="setDriver" finished-at="2022-07-11T19:36:05 IST" duration-ms="2306" status="PASS">
          <reporter-output>
          </reporter-output>
        </test-method> <!-- setDriver -->
        <test-method is-config="true" signature="setDriver()[pri:0, instance:TestCases@479d31f3]" started-at="2022-07-11T19:36:02 IST" name="setDriver" finished-at="2022-07-11T19:36:05 IST" duration-ms="2306" status="PASS">
          <reporter-output>
          </reporter-output>
        </test-method> <!-- setDriver -->
        <test-method signature="test1()[pri:0, instance:TestCases@479d31f3]" started-at="2022-07-11T19:36:05 IST" name="test1" finished-at="2022-07-11T19:36:22 IST" duration-ms="17129" status="PASS">
          <reporter-output>
          </reporter-output>
        </test-method> <!-- test1 -->
        <test-method signature="test2()[pri:0, instance:TestCases@479d31f3]" started-at="2022-07-11T19:36:05 IST" name="test2" finished-at="2022-07-11T19:36:20 IST" duration-ms="15816" status="PASS">
          <reporter-output>
          </reporter-output>
        </test-method> <!-- test2 -->
      </class> <!-- TestCases -->
    </test> <!-- /TestNGDemo -->
  </suite> <!-- Suite -->
</testng-results>
