<?xml version="1.0" encoding="UTF-8"?>
<testng-results ignored="0" total="2" passed="2" failed="0" skipped="0">
  <reporter-output>
  </reporter-output>
  <suite started-at="2022-07-01T20:24:29 IST" name="All Test Suite" finished-at="2022-07-01T20:24:43 IST" duration-ms="14626">
    <groups>
    </groups>
    <test started-at="2022-07-01T20:24:29 IST" name="C:/Users/s.nageswararao/IdeaProjects/TestNGDemo" finished-at="2022-07-01T20:24:43 IST" duration-ms="14626">
      <class name="TestCases">
        <test-method is-config="true" signature="Dispose()[pri:0, instance:TestCases@223f3642]" started-at="2022-07-01T20:24:29 IST" name="Dispose" finished-at="2022-07-01T20:24:29 IST" duration-ms="117" status="PASS">
          <reporter-output>
          </reporter-output>
        </test-method> <!-- Dispose -->
        <test-method is-config="true" signature="setDriver()[pri:0, instance:TestCases@223f3642]" started-at="2022-07-01T20:24:29 IST" name="setDriver" finished-at="2022-07-01T20:24:30 IST" duration-ms="765" status="PASS">
          <reporter-output>
          </reporter-output>
        </test-method> <!-- setDriver -->
        <test-method is-config="true" signature="setDriver()[pri:0, instance:TestCases@223f3642]" started-at="2022-07-01T20:24:29 IST" name="setDriver" finished-at="2022-07-01T20:24:30 IST" duration-ms="765" status="PASS">
          <reporter-output>
          </reporter-output>
        </test-method> <!-- setDriver -->
        <test-method signature="test1()[pri:0, instance:TestCases@223f3642]" started-at="2022-07-01T20:24:30 IST" name="test1" finished-at="2022-07-01T20:24:42 IST" duration-ms="11813" status="PASS">
          <reporter-output>
          </reporter-output>
        </test-method> <!-- test1 -->
        <test-method signature="test2()[pri:0, instance:TestCases@223f3642]" started-at="2022-07-01T20:24:30 IST" name="test2" finished-at="2022-07-01T20:24:43 IST" duration-ms="13679" status="PASS">
          <reporter-output>
          </reporter-output>
        </test-method> <!-- test2 -->
      </class> <!-- TestCases -->
    </test> <!-- C:/Users/s.nageswararao/IdeaProjects/TestNGDemo -->
  </suite> <!-- All Test Suite -->
</testng-results>
