<?xml version="1.0" encoding="UTF-8"?>
<testng-results ignored="0" total="1" passed="1" failed="0" skipped="0">
  <reporter-output>
  </reporter-output>
  <suite started-at="2022-07-11T12:55:07 IST" name="Suite" finished-at="2022-07-11T12:55:09 IST" duration-ms="2854">
    <groups>
    </groups>
    <test started-at="2022-07-11T12:55:07 IST" name="/TestNGDemo" finished-at="2022-07-11T12:55:09 IST" duration-ms="2854">
      <class name="HeadlessTC">
        <test-method signature="TestOne()[pri:0, instance:HeadlessTC@7f1302d6]" started-at="2022-07-11T12:55:07 IST" name="TestOne" finished-at="2022-07-11T12:55:09 IST" duration-ms="2792" status="PASS">
          <reporter-output>
          </reporter-output>
        </test-method> <!-- TestOne -->
      </class> <!-- HeadlessTC -->
    </test> <!-- /TestNGDemo -->
  </suite> <!-- Suite -->
</testng-results>
